<?xml version="1.0" encoding="UTF-8" ?>
<testsuite tests="2" failures="0" name="runners.SecondRunnerTest" time="80.629" errors="1" skipped="0">
  <properties>
[...]
</properties>
  <testcase classname="Search product" name="Search a product in Aliexpress" time="59.391">
    <error message="Unable to locate element: //div[normalize-space(@class)=&apos;ui-window-content&apos;]
For documentation on this error, please visit: https://www.seleniumhq.org/exceptions/no_such_element.html
Build info: version: &apos;3.141.59&apos;, revision: &apos;e82be7d358&apos;, time: &apos;2018-11-14T08:17:03&apos;
System info: host: &apos;LAPTOP-QAL4AK9N&apos;, ip: &apos;192.168.1.9&apos;, os.name: &apos;Windows 10&apos;, os.arch: &apos;amd64&apos;, os.version: &apos;10.0&apos;, java.version: &apos;1.8.0_181&apos;
Driver info: org.openqa.selenium.firefox.FirefoxDriver
Capabilities {acceptInsecureCerts: true, browserName: firefox, browserVersion: 66.0.2, javascriptEnabled: true, moz:accessibilityChecks: false, moz:geckodriverVersion: 0.24.0, moz:headless: false, moz:processID: 37392, moz:profile: C:\Users\delme\AppData\Loca..., moz:shutdownTimeout: 60000, moz:useNonSpecCompliantPointerOrigin: false, moz:webdriverClick: true, pageLoadStrategy: normal, platform: WINDOWS, platformName: WINDOWS, platformVersion: 10.0, rotatable: false, setWindowRect: true, strictFileInteractability: false, timeouts: {implicit: 0, pageLoad: 300000, script: 30000}, unhandledPromptBehavior: dismiss and notify}
Session ID: c459beaa-4f57-46e8-a46f-342cf5952399
*** Element info: {Using=xpath, value=//div[normalize-space(@class)=&apos;ui-window-content&apos;]}" type="org.openqa.selenium.NoSuchElementException">org.openqa.selenium.NoSuchElementException: Unable to locate element: //div[normalize-space(@class)=&apos;ui-window-content&apos;]
For documentation on this error, please visit: https://www.seleniumhq.org/exceptions/no_such_element.html
Build info: version: &apos;3.141.59&apos;, revision: &apos;e82be7d358&apos;, time: &apos;2018-11-14T08:17:03&apos;
System info: host: &apos;LAPTOP-QAL4AK9N&apos;, ip: &apos;192.168.1.9&apos;, os.name: &apos;Windows 10&apos;, os.arch: &apos;amd64&apos;, os.version: &apos;10.0&apos;, java.version: &apos;1.8.0_181&apos;
Driver info: org.openqa.selenium.firefox.FirefoxDriver
Capabilities {acceptInsecureCerts: true, browserName: firefox, browserVersion: 66.0.2, javascriptEnabled: true, moz:accessibilityChecks: false, moz:geckodriverVersion: 0.24.0, moz:headless: false, moz:processID: 37392, moz:profile: C:\Users\delme\AppData\Loca..., moz:shutdownTimeout: 60000, moz:useNonSpecCompliantPointerOrigin: false, moz:webdriverClick: true, pageLoadStrategy: normal, platform: WINDOWS, platformName: WINDOWS, platformVersion: 10.0, rotatable: false, setWindowRect: true, strictFileInteractability: false, timeouts: {implicit: 0, pageLoad: 300000, script: 30000}, unhandledPromptBehavior: dismiss and notify}
Session ID: c459beaa-4f57-46e8-a46f-342cf5952399
*** Element info: {Using=xpath, value=//div[normalize-space(@class)=&apos;ui-window-content&apos;]}
	at sun.reflect.NativeConstructorAccessorImpl.newInstance0(Native Method)
	at sun.reflect.NativeConstructorAccessorImpl.newInstance(NativeConstructorAccessorImpl.java:62)
	at sun.reflect.DelegatingConstructorAccessorImpl.newInstance(DelegatingConstructorAccessorImpl.java:45)
	at java.lang.reflect.Constructor.newInstance(Constructor.java:423)
	at org.openqa.selenium.remote.http.W3CHttpResponseCodec.createException(W3CHttpResponseCodec.java:187)
	at org.openqa.selenium.remote.http.W3CHttpResponseCodec.decode(W3CHttpResponseCodec.java:122)
	at org.openqa.selenium.remote.http.W3CHttpResponseCodec.decode(W3CHttpResponseCodec.java:49)
	at org.openqa.selenium.remote.HttpCommandExecutor.execute(HttpCommandExecutor.java:158)
	at org.openqa.selenium.remote.service.DriverCommandExecutor.execute(DriverCommandExecutor.java:83)
	at org.openqa.selenium.remote.RemoteWebDriver.execute(RemoteWebDriver.java:552)
	at org.openqa.selenium.remote.RemoteWebDriver.findElement(RemoteWebDriver.java:323)
	at org.openqa.selenium.remote.RemoteWebDriver.findElementByXPath(RemoteWebDriver.java:428)
	at org.openqa.selenium.By$ByXPath.findElement(By.java:353)
	at org.openqa.selenium.remote.RemoteWebDriver.findElement(RemoteWebDriver.java:315)
	at pages.HomePage.&lt;init&gt;(HomePage.java:16)
	at steps.HomePageSteps.the_coupon_pop_up_is_closed(HomePageSteps.java:41)
	at ✽.The coupon pop up is closed(file:src/test/java/features/myFirstTest.feature:8)
</error>
    <system-out>Feature: Search product

  @aliexpress @all
  Scenario: Search a product in Aliexpress                                        &amp;#27;[90m# src/test/java/features/myFirstTest.feature:4&amp;#27;[0m
    &amp;#27;[32mGiven &amp;#27;[0m&amp;#27;[32mI open &amp;#27;[0m&amp;#27;[32m&amp;#27;[1m&quot;https://www.aliexpress.com/&quot;&amp;#27;[0m&amp;#27;[32m in &amp;#27;[0m&amp;#27;[32m&amp;#27;[1m&quot;Firefox&quot;&amp;#27;[0m&amp;#27;[32m browser&amp;#27;[0m               &amp;#27;[90m# HomePageSteps.i_open_in_browser(String,String)&amp;#27;[0m
    &amp;#27;[32mThen &amp;#27;[0m&amp;#27;[32mHome page should be displayed&amp;#27;[0m                                            &amp;#27;[90m# HomePageSteps.home_page_should_be_displayed()&amp;#27;[0m
    &amp;#27;[32mWhen &amp;#27;[0m&amp;#27;[32mI close the coupon pop up&amp;#27;[0m                                                &amp;#27;[90m# HomePageSteps.i_close_the_coupon_pop_up()&amp;#27;[0m
    &amp;#27;[31mThen &amp;#27;[0m&amp;#27;[31mThe coupon pop up is closed&amp;#27;[0m                                              &amp;#27;[90m# HomePageSteps.the_coupon_pop_up_is_closed()&amp;#27;[0m
      &amp;#27;[31morg.openqa.selenium.NoSuchElementException: Unable to locate element: //div[normalize-space(@class)=&apos;ui-window-content&apos;]
For documentation on this error, please visit: https://www.seleniumhq.org/exceptions/no_such_element.html
Build info: version: &apos;3.141.59&apos;, revision: &apos;e82be7d358&apos;, time: &apos;2018-11-14T08:17:03&apos;
System info: host: &apos;LAPTOP-QAL4AK9N&apos;, ip: &apos;192.168.1.9&apos;, os.name: &apos;Windows 10&apos;, os.arch: &apos;amd64&apos;, os.version: &apos;10.0&apos;, java.version: &apos;1.8.0_181&apos;
Driver info: org.openqa.selenium.firefox.FirefoxDriver
Capabilities {acceptInsecureCerts: true, browserName: firefox, browserVersion: 66.0.2, javascriptEnabled: true, moz:accessibilityChecks: false, moz:geckodriverVersion: 0.24.0, moz:headless: false, moz:processID: 6752, moz:profile: C:\Users\delme\AppData\Loca..., moz:shutdownTimeout: 60000, moz:useNonSpecCompliantPointerOrigin: false, moz:webdriverClick: true, pageLoadStrategy: normal, platform: WINDOWS, platformName: WINDOWS, platformVersion: 10.0, rotatable: false, setWindowRect: true, strictFileInteractability: false, timeouts: {implicit: 0, pageLoad: 300000, script: 30000}, unhandledPromptBehavior: dismiss and notify}
Session ID: 9e1fc8d7-1c63-4e9a-85bc-2d051ccbfb5e
*** Element info: {Using=xpath, value=//div[normalize-space(@class)=&apos;ui-window-content&apos;]}
	at sun.reflect.NativeConstructorAccessorImpl.newInstance0(Native Method)
	at sun.reflect.NativeConstructorAccessorImpl.newInstance(NativeConstructorAccessorImpl.java:62)
	at sun.reflect.DelegatingConstructorAccessorImpl.newInstance(DelegatingConstructorAccessorImpl.java:45)
	at java.lang.reflect.Constructor.newInstance(Constructor.java:423)
	at org.openqa.selenium.remote.http.W3CHttpResponseCodec.createException(W3CHttpResponseCodec.java:187)
	at org.openqa.selenium.remote.http.W3CHttpResponseCodec.decode(W3CHttpResponseCodec.java:122)
	at org.openqa.selenium.remote.http.W3CHttpResponseCodec.decode(W3CHttpResponseCodec.java:49)
	at org.openqa.selenium.remote.HttpCommandExecutor.execute(HttpCommandExecutor.java:158)
	at org.openqa.selenium.remote.service.DriverCommandExecutor.execute(DriverCommandExecutor.java:83)
	at org.openqa.selenium.remote.RemoteWebDriver.execute(RemoteWebDriver.java:552)
	at org.openqa.selenium.remote.RemoteWebDriver.findElement(RemoteWebDriver.java:323)
	at org.openqa.selenium.remote.RemoteWebDriver.findElementByXPath(RemoteWebDriver.java:428)
	at org.openqa.selenium.By$ByXPath.findElement(By.java:353)
	at org.openqa.selenium.remote.RemoteWebDriver.findElement(RemoteWebDriver.java:315)
	at pages.HomePage.&lt;init&gt;(HomePage.java:16)
	at steps.HomePageSteps.the_coupon_pop_up_is_closed(HomePageSteps.java:41)
	at ?.The coupon pop up is closed(file:src/test/java/features/myFirstTest.feature:8)
&amp;#27;[0m
    &amp;#27;[36mWhen &amp;#27;[0m&amp;#27;[36mI click on Sign In button&amp;#27;[0m                                                &amp;#27;[90m# HomePageSteps.i_click_on_Sign_In_button()&amp;#27;[0m
    &amp;#27;[36mThen &amp;#27;[0m&amp;#27;[36mSign In page is displayed&amp;#27;[0m                                                &amp;#27;[90m# LoginPageSteps.sign_In_page_is_displayed()&amp;#27;[0m
    &amp;#27;[36mWhen &amp;#27;[0m&amp;#27;[36mI login with user &amp;#27;[0m&amp;#27;[36m&amp;#27;[1m&quot;delmer176@gmail.com&quot;&amp;#27;[0m&amp;#27;[36m and password &amp;#27;[0m&amp;#27;[36m&amp;#27;[1m&quot;Universitario1924&quot;&amp;#27;[0m &amp;#27;[90m# LoginPageSteps.i_login_with_user_and_password(String,String)&amp;#27;[0m
    &amp;#27;[36mThen &amp;#27;[0m&amp;#27;[36muser &amp;#27;[0m&amp;#27;[36m&amp;#27;[1m&quot;Delmer Espinoza Vigo&quot;&amp;#27;[0m&amp;#27;[36m should be logged in&amp;#27;[0m                          &amp;#27;[90m# HomePageSteps.user_should_be_logged_in(String)&amp;#27;[0m

  @ebay @all @noSteps
  Scenario: Search a product in eBay                          &amp;#27;[90m# src/test/java/features/myFirstTest.feature:16&amp;#27;[0m
    &amp;#27;[32mGiven &amp;#27;[0m&amp;#27;[32mI open &amp;#27;[0m&amp;#27;[32m&amp;#27;[1m&quot;https://www.ebay.com/&quot;&amp;#27;[0m&amp;#27;[32m in &amp;#27;[0m&amp;#27;[32m&amp;#27;[1m&quot;Firefox&quot;&amp;#27;[0m&amp;#27;[32m browser&amp;#27;[0m &amp;#27;[90m# HomePageSteps.i_open_in_browser(String,String)&amp;#27;[0m

&amp;#27;[31mFailed scenarios:&amp;#27;[0m
&amp;#27;[31msrc/test/java/features/myFirstTest.feature:4 &amp;#27;[0m# Search a product in Aliexpress

2 Scenarios (&amp;#27;[31m1 failed&amp;#27;[0m, &amp;#27;[32m1 passed&amp;#27;[0m)
9 Steps (&amp;#27;[31m1 failed&amp;#27;[0m, &amp;#27;[36m4 skipped&amp;#27;[0m, &amp;#27;[32m4 passed&amp;#27;[0m)
1m45,617s

org.openqa.selenium.NoSuchElementException: Unable to locate element: //div[normalize-space(@class)=&apos;ui-window-content&apos;]
For documentation on this error, please visit: https://www.seleniumhq.org/exceptions/no_such_element.html
Build info: version: &apos;3.141.59&apos;, revision: &apos;e82be7d358&apos;, time: &apos;2018-11-14T08:17:03&apos;
System info: host: &apos;LAPTOP-QAL4AK9N&apos;, ip: &apos;192.168.1.9&apos;, os.name: &apos;Windows 10&apos;, os.arch: &apos;amd64&apos;, os.version: &apos;10.0&apos;, java.version: &apos;1.8.0_181&apos;
Driver info: org.openqa.selenium.firefox.FirefoxDriver
Capabilities {acceptInsecureCerts: true, browserName: firefox, browserVersion: 66.0.2, javascriptEnabled: true, moz:accessibilityChecks: false, moz:geckodriverVersion: 0.24.0, moz:headless: false, moz:processID: 6752, moz:profile: C:\Users\delme\AppData\Loca..., moz:shutdownTimeout: 60000, moz:useNonSpecCompliantPointerOrigin: false, moz:webdriverClick: true, pageLoadStrategy: normal, platform: WINDOWS, platformName: WINDOWS, platformVersion: 10.0, rotatable: false, setWindowRect: true, strictFileInteractability: false, timeouts: {implicit: 0, pageLoad: 300000, script: 30000}, unhandledPromptBehavior: dismiss and notify}
Session ID: 9e1fc8d7-1c63-4e9a-85bc-2d051ccbfb5e
*** Element info: {Using=xpath, value=//div[normalize-space(@class)=&apos;ui-window-content&apos;]}
	at sun.reflect.NativeConstructorAccessorImpl.newInstance0(Native Method)
	at sun.reflect.NativeConstructorAccessorImpl.newInstance(NativeConstructorAccessorImpl.java:62)
	at sun.reflect.DelegatingConstructorAccessorImpl.newInstance(DelegatingConstructorAccessorImpl.java:45)
	at java.lang.reflect.Constructor.newInstance(Constructor.java:423)
	at org.openqa.selenium.remote.http.W3CHttpResponseCodec.createException(W3CHttpResponseCodec.java:187)
	at org.openqa.selenium.remote.http.W3CHttpResponseCodec.decode(W3CHttpResponseCodec.java:122)
	at org.openqa.selenium.remote.http.W3CHttpResponseCodec.decode(W3CHttpResponseCodec.java:49)
	at org.openqa.selenium.remote.HttpCommandExecutor.execute(HttpCommandExecutor.java:158)
	at org.openqa.selenium.remote.service.DriverCommandExecutor.execute(DriverCommandExecutor.java:83)
	at org.openqa.selenium.remote.RemoteWebDriver.execute(RemoteWebDriver.java:552)
	at org.openqa.selenium.remote.RemoteWebDriver.findElement(RemoteWebDriver.java:323)
	at org.openqa.selenium.remote.RemoteWebDriver.findElementByXPath(RemoteWebDriver.java:428)
	at org.openqa.selenium.By$ByXPath.findElement(By.java:353)
	at org.openqa.selenium.remote.RemoteWebDriver.findElement(RemoteWebDriver.java:315)
	at pages.HomePage.&lt;init&gt;(HomePage.java:16)
	at steps.HomePageSteps.the_coupon_pop_up_is_closed(HomePageSteps.java:41)
	at ?.The coupon pop up is closed(file:src/test/java/features/myFirstTest.feature:8)

</system-out>
    <system-err>JavaScript error: , line 0: NetworkError: A network error occurred.
JavaScript error: , line 0: NetworkError: A network error occurred.
1554179284828	mozrunner::runner	INFO	Running command: &quot;C:\\Program Files\\Mozilla Firefox\\firefox.exe&quot; &quot;-marionette&quot; &quot;-foreground&quot; &quot;-no-remote&quot; &quot;-profile&quot; &quot;C:\\Users\\delme\\AppData\\Local\\Temp\\rust_mozprofile.lHymwOXTKra0&quot;
1554179297211	addons.webextension.screenshots@mozilla.org	WARN	Loading extension &apos;screenshots@mozilla.org&apos;: Reading manifest: Invalid extension permission: mozillaAddons
1554179297211	addons.webextension.screenshots@mozilla.org	WARN	Loading extension &apos;screenshots@mozilla.org&apos;: Reading manifest: Invalid extension permission: resource://pdf.js/
1554179297211	addons.webextension.screenshots@mozilla.org	WARN	Loading extension &apos;screenshots@mozilla.org&apos;: Reading manifest: Invalid extension permission: about:reader*
[GFX1-]: Failed to connect GPU process
[34608, Chrome_ChildThread] WARNING: failed to create pipe: 2: file z:/build/build/src/ipc/chromium/src/chrome/common/ipc_channel_win.cc, line 218
[34608, Chrome_ChildThread] WARNING: Unable to create pipe named &quot;37392.0.1297892364\569141194&quot; in client mode.: file z:/build/build/src/ipc/chromium/src/chrome/common/ipc_channel_win.cc, line 59

###!!! [Child][MessageChannel] Error: (msgtype=0xFFF7,name=&lt;unknown IPC msg name&gt;) Closed channel: cannot send/recv

[Child 40544, Chrome_ChildThread] WARNING: pipe error: 109: file z:/build/build/src/ipc/chromium/src/chrome/common/ipc_channel_win.cc, line 332
[Child 36076, Chrome_ChildThread] WARNING: pipe error: 109: file z:/build/build/src/ipc/chromium/src/chrome/common/ipc_channel_win.cc, line 332
[Parent 26472, Gecko_IOThread] WARNING: pipe error: 109: file z:/build/build/src/ipc/chromium/src/chrome/common/ipc_channel_win.cc, line 332
[Parent 26472, Gecko_IOThread] WARNING: pipe error: 109: file z:/build/build/src/ipc/chromium/src/chrome/common/ipc_channel_win.cc, line 332
[Child 580, Chrome_ChildThread] WARNING: pipe error: 109: file z:/build/build/src/ipc/chromium/src/chrome/common/ipc_channel_win.cc, line 332
[Parent 26472, Gecko_IOThread] WARNING: pipe error: 109: file z:/build/build/src/ipc/chromium/src/chrome/common/ipc_channel_win.cc, line 332
[Parent 6752, Gecko_IOThread] WARNING: pipe error: 109: file z:/build/build/src/ipc/chromium/src/chrome/common/ipc_channel_win.cc, line 332
[Parent 37392, Gecko_IOThread] WARNING: pipe error: 109: file z:/build/build/src/ipc/chromium/src/chrome/common/ipc_channel_win.cc, line 332
1554179326299	Marionette	INFO	Listening on port 63337
1554179326475	Marionette	WARN	TLS certificate errors will be ignored for this session
abr 01, 2019 11:28:46 PM org.openqa.selenium.remote.ProtocolHandshake createSession
INFORMACIÓN: Detected dialect: W3C
1554179329843	Marionette	INFO	Stopped listening on port 63248
JavaScript warning: https://i.alicdn.com/ae-header/20190402100633/buyer/front/ae-header.js, line 4: unreachable code after return statement
JavaScript warning: https://i.alicdn.com/ae-header/20190402100633/buyer/front/ae-header.js, line 4: unreachable code after return statement
JavaScript error: resource:///modules/sessionstore/SessionSaver.jsm, line 179: NS_ERROR_FAILURE: Component returned failure code: 0x80004005 (NS_ERROR_FAILURE) [nsIAppShellService.hiddenDOMWindow]
1554179336633	Marionette	INFO	Stopped listening on port 63125
[GPU 40108, Chrome_ChildThread] WARNING: pipe error: 109: file z:/build/build/src/ipc/chromium/src/chrome/common/ipc_channel_win.cc, line 332

###!!! [Child][MessageChannel::SendAndWait] Error: Channel error: cannot send/recv

</system-err>
  </testcase>
  <testcase classname="Search product" name="Search a product in eBay" time="21.238"/>
</testsuite>